node_modules/@bitauth/libauth/build/module/lib/format/type-utils.d.ts(3,35): error TS2552: Cannot find name 'ReadonlyMap'. Did you mean 'Readonly'?
node_modules/@bitauth/libauth/build/module/lib/format/type-utils.d.ts(4,32): error TS2552: Cannot find name 'ReadonlySet'. Did you mean 'Readonly'?
node_modules/@bitauth/libauth/build/module/lib/format/type-utils.d.ts(8,66): error TS2304: Cannot find name 'Iterable'.
node_modules/@bitauth/libauth/build/module/lib/format/type-utils.d.ts(14,125): error TS2583: Cannot find name 'Map'. Do you need to change your target library? Try changing the 'lib' compiler option to 'es2015' or later.
node_modules/@bitauth/libauth/build/module/lib/format/type-utils.d.ts(14,180): error TS2583: Cannot find name 'Set'. Do you need to change your target library? Try changing the 'lib' compiler option to 'es2015' or later.
node_modules/@bitauth/libauth/build/module/lib/vm/instruction-sets/common/types.d.ts(5,51): error TS2583: Cannot find name 'BigInt'. Do you need to change your target library? Try changing the 'lib' compiler option to 'es2020' or later.
utils.ts(1,70): error TS2724: '"@bitauth/libauth"' has no exported member named 'hash160'. Did you mean 'opHash160'?
utils.ts(2,2): error TS2724: '"@bitauth/libauth"' has no exported member named 'secp256k1'. Did you mean 'Secp256k1'?
utils.ts(2,13): error TS2305: Module '"@bitauth/libauth"' has no exported member 'TransactionCommon'.
utils.ts(2,32): error TS2724: '"@bitauth/libauth"' has no exported member named 'importAuthenticationTemplate'. Did you mean 'AuthenticationTemplate'?
utils.ts(22,9): error TS2554: Expected 3 arguments, but got 2.
utils.ts(26,42): error TS2345: Argument of type '"p2pkh"' is not assignable to parameter of type 'CashAddressAvailableTypes'.
utils.ts(30,42): error TS2345: Argument of type '"p2pkhWithTokens"' is not assignable to parameter of type 'CashAddressAvailableTypes'.
utils.ts(37,29): error TS2345: Argument of type 'string' is not assignable to parameter of type '{ hash: (input: Uint8Array) => Uint8Array; }'.
utils.ts(56,4): error TS2705: An async function or method in ES5/ES3 requires the 'Promise' constructor.  Make sure you have a declaration for the 'Promise' constructor or include 'ES2015' in your '--lib' option.
utils.ts(84,38): error TS2345: Argument of type 'Readonly<TransactionTemplateFixed<Promise<Compiler<TransactionContextCommon, AnyCompilationEnvironment<TransactionContextCommon>, AuthenticationProgramStateBCH>>>>' is not assignable to parameter of type 'Readonly<TransactionTemplate<Compiler<TransactionContextCommon, unknown, unknown>, false, CompilationData<never>>>'.
  Types of property 'inputs' are incompatible.
    Type 'InputTemplate<Promise<Compiler<TransactionContextCommon, AnyCompilationEnvironment<TransactionContextCommon>, AuthenticationProgramStateBCH>>, false, CompilationData<...>>[]' is not assignable to type 'InputTemplate<Compiler<TransactionContextCommon, unknown, unknown>, false, CompilationData<never>>[]'.
      Type 'InputTemplate<Promise<Compiler<TransactionContextCommon, AnyCompilationEnvironment<TransactionContextCommon>, AuthenticationProgramStateBCH>>, false, CompilationData<...>>' is not assignable to type 'InputTemplate<Compiler<TransactionContextCommon, unknown, unknown>, false, CompilationData<never>>'.
utils.ts(86,18): error TS2339: Property 'errors' does not exist on type 'TransactionGenerationAttempt'.
  Property 'errors' does not exist on type 'TransactionGenerationSuccess'.
